*** Starting uWSGI 2.0.19.1 (64bit) on [Tue Aug 17 06:21:25 2021] ***
compiled with version: 6.3.0 20170516 on 17 August 2021 06:20:45
os: Linux-5.10.16.3-microsoft-standard-WSL2 #1 SMP Fri Apr 2 22:23:49 UTC 2021
nodename: 6c3b9ec88098
machine: x86_64
clock source: unix
pcre jit disabled
detected number of CPU cores: 8
current working directory: /srv/docker-server
detected binary path: /usr/local/bin/uwsgi
uWSGI running as root, you can use --uid/--gid/--chroot options
*** WARNING: you are running uWSGI as root !!! (use the --uid flag) *** 
chdir() to /srv/docker-server
*** WARNING: you are running uWSGI without its master process manager ***
your memory page size is 4096 bytes
detected max file descriptor number: 1048576
lock engine: pthread robust mutexes
thunder lock: disabled (you can enable it with --thunder-lock)
uwsgi socket 0 bound to UNIX address /srv/docker-server/django.sock fd 3
uWSGI running as root, you can use --uid/--gid/--chroot options
*** WARNING: you are running uWSGI as root !!! (use the --uid flag) *** 
Python version: 3.6.7 (default, Nov 16 2018, 22:33:19)  [GCC 6.3.0 20170516]
Python main interpreter initialized at 0x5616265eb3e0
uWSGI running as root, you can use --uid/--gid/--chroot options
*** WARNING: you are running uWSGI as root !!! (use the --uid flag) *** 
python threads support enabled
your server socket listen backlog is limited to 100 connections
your mercy for graceful operations on workers is 60 seconds
mapped 83376 bytes (81 KB) for 2 cores
*** Operational MODE: threaded ***
WSGI app 0 (mountpoint='') ready in 1 seconds on interpreter 0x5616265eb3e0 pid: 1 (default app)
uWSGI running as root, you can use --uid/--gid/--chroot options
*** WARNING: you are running uWSGI as root !!! (use the --uid flag) *** 
*** uWSGI is running in multiple interpreter mode ***
spawned uWSGI worker 1 (and the only) (pid: 1, cores: 2)
[pid: 1|app: 0|req: 1/1] 172.18.0.1 () {52 vars in 961 bytes} [Tue Aug 17 06:22:15 2021] GET / => generated 10697 bytes in 137 msecs (HTTP/1.1 200) 5 headers in 153 bytes (1 switches on core 0)
Not Found: /favicon.ico
[pid: 1|app: 0|req: 2/2] 172.18.0.1 () {50 vars in 888 bytes} [Tue Aug 17 06:22:15 2021] GET /favicon.ico => generated 2107 bytes in 28 msecs (HTTP/1.1 404) 5 headers in 159 bytes (1 switches on core 1)
[pid: 1|app: 0|req: 3/3] 172.18.0.1 () {54 vars in 992 bytes} [Tue Aug 17 06:22:24 2021] GET / => generated 10697 bytes in 6 msecs (HTTP/1.1 200) 5 headers in 153 bytes (1 switches on core 0)
